<?xml version="1.0" encoding="UTF-8"?>
<!-- Generated by org.testng.reporters.JUnitReportReporter -->
<testsuite hostname="Kousalyas-MacBook-Pro.local" failures="0" tests="2" name="LogAndLogOut" time="5.275" errors="0" timestamp="2021-03-08T15:22:18 IST" skipped="0">
  <testcase classname="LogAndLogOut" name="assertLoginMsg" time="3.515"/>
  <system-out/>
  <testcase classname="LogAndLogOut" name="assertLogoutMsg" time="1.760"/>
  <system-out/>
</testsuite> <!-- LogAndLogOut -->
